<?xml version="1.0" encoding="utf-8"?><testsuites name="pytest tests"><testsuite name="pytest" errors="0" failures="0" skipped="0" tests="3" time="0.676" timestamp="2026-07-13T16:30:42.166556-04:00" hostname="hermes-agent"><testcase classname="paper-trading.tests.test_nightly_pipeline.TestResolveTickers" name="test_core_returns_eight" time="0.007" /><testcase classname="paper-trading.tests.test_nightly_pipeline.TestResolveTickers" name="test_comma_separated" time="0.003" /><testcase classname="paper-trading.tests.test_nightly_pipeline.TestResolveTickers" name="test_fallback_on_error" time="0.002" /></testsuite></testsuites>